[INFO] Error stacktraces are turned on.
[INFO] Scanning for projects...
[INFO] 
[INFO] ------------------------< com.sisetma:backend >-------------------------
[INFO] Building backend 0.0.1-SNAPSHOT
[INFO]   from pom.xml
[INFO] --------------------------------[ jar ]---------------------------------
[INFO] 
[INFO] --- resources:3.3.1:resources (default-resources) @ backend ---
[INFO] Copying 1 resource from src\main\resources to target\classes
[INFO] Copying 0 resource from src\main\resources to target\classes
[INFO] 
[INFO] --- compiler:3.13.0:compile (default-compile) @ backend ---
[INFO] Recompiling the module because of changed source code.
[INFO] Compiling 22 source files with javac [debug parameters release 17] to target\classes
[INFO] -------------------------------------------------------------
[ERROR] COMPILATION ERROR : 
[INFO] -------------------------------------------------------------
[ERROR] /C:/Users/Henyer/Downloads/backend/backend/src/main/java/com/sisetma/backend/model/Categoria.java:[15,8] class Marca is public, should be declared in a file named Marca.java
[ERROR] /C:/Users/Henyer/Downloads/backend/backend/src/main/java/com/sisetma/backend/model/Categoria.java:[24,8] class UnidadMedida is public, should be declared in a file named UnidadMedida.java
[ERROR] /C:/Users/Henyer/Downloads/backend/backend/src/main/java/com/sisetma/backend/model/Categoria.java:[33,8] class Presentacion is public, should be declared in a file named Presentacion.java
[ERROR] /C:/Users/Henyer/Downloads/backend/backend/src/main/java/com/sisetma/backend/model/Categoria.java:[42,8] class TipoComprobante is public, should be declared in a file named TipoComprobante.java
[ERROR] /C:/Users/Henyer/Downloads/backend/backend/src/main/java/com/sisetma/backend/model/Categoria.java:[50,8] class Cliente is public, should be declared in a file named Cliente.java
[ERROR] /C:/Users/Henyer/Downloads/backend/backend/src/main/java/com/sisetma/backend/model/Cliente.java:[11,8] duplicate class: com.sisetma.backend.model.Cliente
[ERROR] /C:/Users/Henyer/Downloads/backend/backend/src/main/java/com/sisetma/backend/model/Marca.java:[11,8] duplicate class: com.sisetma.backend.model.Marca
[ERROR] /C:/Users/Henyer/Downloads/backend/backend/src/main/java/com/sisetma/backend/model/Presentacion.java:[11,8] duplicate class: com.sisetma.backend.model.Presentacion
[ERROR] /C:/Users/Henyer/Downloads/backend/backend/src/main/java/com/sisetma/backend/model/TipoComprobante.java:[11,8] duplicate class: com.sisetma.backend.model.TipoComprobante
[ERROR] /C:/Users/Henyer/Downloads/backend/backend/src/main/java/com/sisetma/backend/model/UnidadMedida.java:[11,8] duplicate class: com.sisetma.backend.model.UnidadMedida
[ERROR] /C:/Users/Henyer/Downloads/backend/backend/src/main/java/com/sisetma/backend/service/VentaService.java:[29,62] cannot find symbol
  symbol:   method getIdCliente()
  location: variable ventaDto of type com.sisetma.backend.dto.VentaDTO
[ERROR] /C:/Users/Henyer/Downloads/backend/backend/src/main/java/com/sisetma/backend/service/VentaService.java:[32,75] cannot find symbol
  symbol:   method getIdTipoComprobante()
  location: variable ventaDto of type com.sisetma.backend.dto.VentaDTO
[ERROR] /C:/Users/Henyer/Downloads/backend/backend/src/main/java/com/sisetma/backend/service/VentaService.java:[36,92] cannot find symbol
  symbol:   method getSerie()
  location: variable ventaDto of type com.sisetma.backend.dto.VentaDTO
[ERROR] /C:/Users/Henyer/Downloads/backend/backend/src/main/java/com/sisetma/backend/service/VentaService.java:[37,52] cannot find symbol
  symbol:   method getNumero()
  location: variable ultimo of type com.sisetma.backend.model.Comprobante
[ERROR] /C:/Users/Henyer/Downloads/backend/backend/src/main/java/com/sisetma/backend/service/VentaService.java:[38,44] cannot find symbol
  symbol:   method getSerie()
  location: variable ventaDto of type com.sisetma.backend.dto.VentaDTO
[ERROR] /C:/Users/Henyer/Downloads/backend/backend/src/main/java/com/sisetma/backend/service/VentaService.java:[41,40] cannot find symbol
  symbol:   method builder()
  location: class com.sisetma.backend.model.Comprobante
[ERROR] /C:/Users/Henyer/Downloads/backend/backend/src/main/java/com/sisetma/backend/service/VentaService.java:[44,27] cannot find symbol
  symbol:   method getNombre()
  location: variable tipo of type com.sisetma.backend.model.TipoComprobante
[ERROR] /C:/Users/Henyer/Downloads/backend/backend/src/main/java/com/sisetma/backend/service/VentaService.java:[45,32] cannot find symbol
  symbol:   method getSerie()
  location: variable ventaDto of type com.sisetma.backend.dto.VentaDTO
[ERROR] /C:/Users/Henyer/Downloads/backend/backend/src/main/java/com/sisetma/backend/service/VentaService.java:[54,45] cannot find symbol
  symbol:   method getProductos()
  location: variable ventaDto of type com.sisetma.backend.dto.VentaDTO
[ERROR] /C:/Users/Henyer/Downloads/backend/backend/src/main/java/com/sisetma/backend/service/VentaService.java:[55,65] cannot find symbol
  symbol:   method getIdProducto()
  location: variable item of type com.sisetma.backend.dto.DetalleVentaDTO
[ERROR] /C:/Users/Henyer/Downloads/backend/backend/src/main/java/com/sisetma/backend/service/VentaService.java:[56,94] cannot find symbol
  symbol:   method getIdProducto()
  location: variable item of type com.sisetma.backend.dto.DetalleVentaDTO
[ERROR] /C:/Users/Henyer/Downloads/backend/backend/src/main/java/com/sisetma/backend/service/VentaService.java:[58,41] cannot find symbol
  symbol:   method getCantidad()
  location: variable item of type com.sisetma.backend.dto.DetalleVentaDTO
[ERROR] /C:/Users/Henyer/Downloads/backend/backend/src/main/java/com/sisetma/backend/service/VentaService.java:[65,88] cannot find symbol
  symbol:   method getNombre()
  location: variable producto of type com.sisetma.backend.model.Producto
[ERROR] /C:/Users/Henyer/Downloads/backend/backend/src/main/java/com/sisetma/backend/service/VentaService.java:[73,69] cannot find symbol
  symbol:   method getCantidad()
  location: variable lote of type com.sisetma.backend.model.Lote
[ERROR] /C:/Users/Henyer/Downloads/backend/backend/src/main/java/com/sisetma/backend/service/VentaService.java:[76,80] cannot find symbol
  symbol:   method builder()
  location: class com.sisetma.backend.model.DetalleComprobanteProducto
[ERROR] /C:/Users/Henyer/Downloads/backend/backend/src/main/java/com/sisetma/backend/service/VentaService.java:[79,41] cannot find symbol
  symbol:   method getCodigoLote()
  location: variable lote of type com.sisetma.backend.model.Lote
[ERROR] /C:/Users/Henyer/Downloads/backend/backend/src/main/java/com/sisetma/backend/service/VentaService.java:[81,45] cannot find symbol
  symbol:   method getPrecioVenta()
  location: variable lote of type com.sisetma.backend.model.Lote
[ERROR] /C:/Users/Henyer/Downloads/backend/backend/src/main/java/com/sisetma/backend/service/VentaService.java:[82,39] cannot find symbol
  symbol:   method getPrecioVenta()
  location: variable lote of type com.sisetma.backend.model.Lote
[ERROR] /C:/Users/Henyer/Downloads/backend/backend/src/main/java/com/sisetma/backend/service/VentaService.java:[85,22] cannot find symbol
  symbol:   method getDetalles()
  location: variable venta of type com.sisetma.backend.model.Comprobante
[ERROR] /C:/Users/Henyer/Downloads/backend/backend/src/main/java/com/sisetma/backend/service/VentaService.java:[88,38] cannot find symbol
  symbol:   method getCantidad()
  location: variable lote of type com.sisetma.backend.model.Lote
[ERROR] /C:/Users/Henyer/Downloads/backend/backend/src/main/java/com/sisetma/backend/service/VentaService.java:[96,94] cannot find symbol
  symbol:   method getNombre()
  location: variable producto of type com.sisetma.backend.model.Producto
[INFO] 31 errors 
[INFO] -------------------------------------------------------------
[INFO] ------------------------------------------------------------------------
[INFO] BUILD FAILURE
[INFO] ------------------------------------------------------------------------
[INFO] Total time:  5.017 s
[INFO] Finished at: 2025-11-21T10:21:16-05:00
[INFO] ------------------------------------------------------------------------
[ERROR] Failed to execute goal org.apache.maven.plugins:maven-compiler-plugin:3.13.0:compile (default-compile) on project backend: Compilation failure: Compilation failure: 
[ERROR] /C:/Users/Henyer/Downloads/backend/backend/src/main/java/com/sisetma/backend/model/Categoria.java:[15,8] class Marca is public, should be declared in a file named Marca.java
[ERROR] /C:/Users/Henyer/Downloads/backend/backend/src/main/java/com/sisetma/backend/model/Categoria.java:[24,8] class UnidadMedida is public, should be declared in a file named UnidadMedida.java
[ERROR] /C:/Users/Henyer/Downloads/backend/backend/src/main/java/com/sisetma/backend/model/Categoria.java:[33,8] class Presentacion is public, should be declared in a file named Presentacion.java
[ERROR] /C:/Users/Henyer/Downloads/backend/backend/src/main/java/com/sisetma/backend/model/Categoria.java:[42,8] class TipoComprobante is public, should be declared in a file named TipoComprobante.java
[ERROR] /C:/Users/Henyer/Downloads/backend/backend/src/main/java/com/sisetma/backend/model/Categoria.java:[50,8] class Cliente is public, should be declared in a file named Cliente.java
[ERROR] /C:/Users/Henyer/Downloads/backend/backend/src/main/java/com/sisetma/backend/model/Cliente.java:[11,8] duplicate class: com.sisetma.backend.model.Cliente
[ERROR] /C:/Users/Henyer/Downloads/backend/backend/src/main/java/com/sisetma/backend/model/Marca.java:[11,8] duplicate class: com.sisetma.backend.model.Marca
[ERROR] /C:/Users/Henyer/Downloads/backend/backend/src/main/java/com/sisetma/backend/model/Presentacion.java:[11,8] duplicate class: com.sisetma.backend.model.Presentacion
[ERROR] /C:/Users/Henyer/Downloads/backend/backend/src/main/java/com/sisetma/backend/model/TipoComprobante.java:[11,8] duplicate class: com.sisetma.backend.model.TipoComprobante
[ERROR] /C:/Users/Henyer/Downloads/backend/backend/src/main/java/com/sisetma/backend/model/UnidadMedida.java:[11,8] duplicate class: com.sisetma.backend.model.UnidadMedida
[ERROR] /C:/Users/Henyer/Downloads/backend/backend/src/main/java/com/sisetma/backend/service/VentaService.java:[29,62] cannot find symbol
[ERROR]   symbol:   method getIdCliente()
[ERROR]   location: variable ventaDto of type com.sisetma.backend.dto.VentaDTO
[ERROR] /C:/Users/Henyer/Downloads/backend/backend/src/main/java/com/sisetma/backend/service/VentaService.java:[32,75] cannot find symbol
[ERROR]   symbol:   method getIdTipoComprobante()
[ERROR]   location: variable ventaDto of type com.sisetma.backend.dto.VentaDTO
[ERROR] /C:/Users/Henyer/Downloads/backend/backend/src/main/java/com/sisetma/backend/service/VentaService.java:[36,92] cannot find symbol
[ERROR]   symbol:   method getSerie()
[ERROR]   location: variable ventaDto of type com.sisetma.backend.dto.VentaDTO
[ERROR] /C:/Users/Henyer/Downloads/backend/backend/src/main/java/com/sisetma/backend/service/VentaService.java:[37,52] cannot find symbol
[ERROR]   symbol:   method getNumero()
[ERROR]   location: variable ultimo of type com.sisetma.backend.model.Comprobante
[ERROR] /C:/Users/Henyer/Downloads/backend/backend/src/main/java/com/sisetma/backend/service/VentaService.java:[38,44] cannot find symbol
[ERROR]   symbol:   method getSerie()
[ERROR]   location: variable ventaDto of type com.sisetma.backend.dto.VentaDTO
[ERROR] /C:/Users/Henyer/Downloads/backend/backend/src/main/java/com/sisetma/backend/service/VentaService.java:[41,40] cannot find symbol
[ERROR]   symbol:   method builder()
[ERROR]   location: class com.sisetma.backend.model.Comprobante
[ERROR] /C:/Users/Henyer/Downloads/backend/backend/src/main/java/com/sisetma/backend/service/VentaService.java:[44,27] cannot find symbol
[ERROR]   symbol:   method getNombre()
[ERROR]   location: variable tipo of type com.sisetma.backend.model.TipoComprobante
[ERROR] /C:/Users/Henyer/Downloads/backend/backend/src/main/java/com/sisetma/backend/service/VentaService.java:[45,32] cannot find symbol
[ERROR]   symbol:   method getSerie()
[ERROR]   location: variable ventaDto of type com.sisetma.backend.dto.VentaDTO
[ERROR] /C:/Users/Henyer/Downloads/backend/backend/src/main/java/com/sisetma/backend/service/VentaService.java:[54,45] cannot find symbol
[ERROR]   symbol:   method getProductos()
[ERROR]   location: variable ventaDto of type com.sisetma.backend.dto.VentaDTO
[ERROR] /C:/Users/Henyer/Downloads/backend/backend/src/main/java/com/sisetma/backend/service/VentaService.java:[55,65] cannot find symbol
[ERROR]   symbol:   method getIdProducto()
[ERROR]   location: variable item of type com.sisetma.backend.dto.DetalleVentaDTO
[ERROR] /C:/Users/Henyer/Downloads/backend/backend/src/main/java/com/sisetma/backend/service/VentaService.java:[56,94] cannot find symbol
[ERROR]   symbol:   method getIdProducto()
[ERROR]   location: variable item of type com.sisetma.backend.dto.DetalleVentaDTO
[ERROR] /C:/Users/Henyer/Downloads/backend/backend/src/main/java/com/sisetma/backend/service/VentaService.java:[58,41] cannot find symbol
[ERROR]   symbol:   method getCantidad()
[ERROR]   location: variable item of type com.sisetma.backend.dto.DetalleVentaDTO
[ERROR] /C:/Users/Henyer/Downloads/backend/backend/src/main/java/com/sisetma/backend/service/VentaService.java:[65,88] cannot find symbol
[ERROR]   symbol:   method getNombre()
[ERROR]   location: variable producto of type com.sisetma.backend.model.Producto
[ERROR] /C:/Users/Henyer/Downloads/backend/backend/src/main/java/com/sisetma/backend/service/VentaService.java:[73,69] cannot find symbol
[ERROR]   symbol:   method getCantidad()
[ERROR]   location: variable lote of type com.sisetma.backend.model.Lote
[ERROR] /C:/Users/Henyer/Downloads/backend/backend/src/main/java/com/sisetma/backend/service/VentaService.java:[76,80] cannot find symbol
[ERROR]   symbol:   method builder()
[ERROR]   location: class com.sisetma.backend.model.DetalleComprobanteProducto
[ERROR] /C:/Users/Henyer/Downloads/backend/backend/src/main/java/com/sisetma/backend/service/VentaService.java:[79,41] cannot find symbol
[ERROR]   symbol:   method getCodigoLote()
[ERROR]   location: variable lote of type com.sisetma.backend.model.Lote
[ERROR] /C:/Users/Henyer/Downloads/backend/backend/src/main/java/com/sisetma/backend/service/VentaService.java:[81,45] cannot find symbol
[ERROR]   symbol:   method getPrecioVenta()
[ERROR]   location: variable lote of type com.sisetma.backend.model.Lote
[ERROR] /C:/Users/Henyer/Downloads/backend/backend/src/main/java/com/sisetma/backend/service/VentaService.java:[82,39] cannot find symbol
[ERROR]   symbol:   method getPrecioVenta()
[ERROR]   location: variable lote of type com.sisetma.backend.model.Lote
[ERROR] /C:/Users/Henyer/Downloads/backend/backend/src/main/java/com/sisetma/backend/service/VentaService.java:[85,22] cannot find symbol
[ERROR]   symbol:   method getDetalles()
[ERROR]   location: variable venta of type com.sisetma.backend.model.Comprobante
[ERROR] /C:/Users/Henyer/Downloads/backend/backend/src/main/java/com/sisetma/backend/service/VentaService.java:[88,38] cannot find symbol
[ERROR]   symbol:   method getCantidad()
[ERROR]   location: variable lote of type com.sisetma.backend.model.Lote
[ERROR] /C:/Users/Henyer/Downloads/backend/backend/src/main/java/com/sisetma/backend/service/VentaService.java:[96,94] cannot find symbol
[ERROR]   symbol:   method getNombre()
[ERROR]   location: variable producto of type com.sisetma.backend.model.Producto
[ERROR] -> [Help 1]
org.apache.maven.lifecycle.LifecycleExecutionException: Failed to execute goal org.apache.maven.plugins:maven-compiler-plugin:3.13.0:compile (default-compile) on project backend: Compilation failure
    at org.apache.maven.lifecycle.internal.MojoExecutor.doExecute2 (MojoExecutor.java:333)
    at org.apache.maven.lifecycle.internal.MojoExecutor.doExecute (MojoExecutor.java:316)
    at org.apache.maven.lifecycle.internal.MojoExecutor.execute (MojoExecutor.java:212)
    at org.apache.maven.lifecycle.internal.MojoExecutor.execute (MojoExecutor.java:174)
    at org.apache.maven.lifecycle.internal.MojoExecutor.access$000 (MojoExecutor.java:75)
    at org.apache.maven.lifecycle.internal.MojoExecutor$1.run (MojoExecutor.java:162)
    at org.apache.maven.plugin.DefaultMojosExecutionStrategy.execute (DefaultMojosExecutionStrategy.java:39)
    at org.apache.maven.lifecycle.internal.MojoExecutor.execute (MojoExecutor.java:159)
    at org.apache.maven.lifecycle.internal.LifecycleModuleBuilder.buildProject (LifecycleModuleBuilder.java:105)
    at org.apache.maven.lifecycle.internal.LifecycleModuleBuilder.buildProject (LifecycleModuleBuilder.java:73)
    at org.apache.maven.lifecycle.internal.builder.singlethreaded.SingleThreadedBuilder.build (SingleThreadedBuilder.java:53)
    at org.apache.maven.lifecycle.internal.LifecycleStarter.execute (LifecycleStarter.java:118)
    at org.apache.maven.DefaultMaven.doExecute (DefaultMaven.java:261)
    at org.apache.maven.DefaultMaven.doExecute (DefaultMaven.java:173)
    at org.apache.maven.DefaultMaven.execute (DefaultMaven.java:101)
    at org.apache.maven.cli.MavenCli.execute (MavenCli.java:906)
    at org.apache.maven.cli.MavenCli.doMain (MavenCli.java:283)
    at org.apache.maven.cli.MavenCli.main (MavenCli.java:206)
    at jdk.internal.reflect.DirectMethodHandleAccessor.invoke (DirectMethodHandleAccessor.java:104)
    at java.lang.reflect.Method.invoke (Method.java:578)
    at org.codehaus.plexus.classworlds.launcher.Launcher.launchEnhanced (Launcher.java:255)
    at org.codehaus.plexus.classworlds.launcher.Launcher.launch (Launcher.java:201)
    at org.codehaus.plexus.classworlds.launcher.Launcher.mainWithExitCode (Launcher.java:361)
    at org.codehaus.plexus.classworlds.launcher.Launcher.main (Launcher.java:314)
Caused by: org.apache.maven.plugin.compiler.CompilationFailureException: Compilation failure
    at org.apache.maven.plugin.compiler.AbstractCompilerMojo.execute (AbstractCompilerMojo.java:1309)
    at org.apache.maven.plugin.compiler.CompilerMojo.execute (CompilerMojo.java:215)
    at org.apache.maven.plugin.DefaultBuildPluginManager.executeMojo (DefaultBuildPluginManager.java:126)
    at org.apache.maven.lifecycle.internal.MojoExecutor.doExecute2 (MojoExecutor.java:328)
    at org.apache.maven.lifecycle.internal.MojoExecutor.doExecute (MojoExecutor.java:316)
    at org.apache.maven.lifecycle.internal.MojoExecutor.execute (MojoExecutor.java:212)
    at org.apache.maven.lifecycle.internal.MojoExecutor.execute (MojoExecutor.java:174)
    at org.apache.maven.lifecycle.internal.MojoExecutor.access$000 (MojoExecutor.java:75)
    at org.apache.maven.lifecycle.internal.MojoExecutor$1.run (MojoExecutor.java:162)
    at org.apache.maven.plugin.DefaultMojosExecutionStrategy.execute (DefaultMojosExecutionStrategy.java:39)
    at org.apache.maven.lifecycle.internal.MojoExecutor.execute (MojoExecutor.java:159)
    at org.apache.maven.lifecycle.internal.LifecycleModuleBuilder.buildProject (LifecycleModuleBuilder.java:105)
    at org.apache.maven.lifecycle.internal.LifecycleModuleBuilder.buildProject (LifecycleModuleBuilder.java:73)
    at org.apache.maven.lifecycle.internal.builder.singlethreaded.SingleThreadedBuilder.build (SingleThreadedBuilder.java:53)
    at org.apache.maven.lifecycle.internal.LifecycleStarter.execute (LifecycleStarter.java:118)
    at org.apache.maven.DefaultMaven.doExecute (DefaultMaven.java:261)
    at org.apache.maven.DefaultMaven.doExecute (DefaultMaven.java:173)
    at org.apache.maven.DefaultMaven.execute (DefaultMaven.java:101)
    at org.apache.maven.cli.MavenCli.execute (MavenCli.java:906)
    at org.apache.maven.cli.MavenCli.doMain (MavenCli.java:283)
    at org.apache.maven.cli.MavenCli.main (MavenCli.java:206)
    at jdk.internal.reflect.DirectMethodHandleAccessor.invoke (DirectMethodHandleAccessor.java:104)
    at java.lang.reflect.Method.invoke (Method.java:578)
    at org.codehaus.plexus.classworlds.launcher.Launcher.launchEnhanced (Launcher.java:255)
    at org.codehaus.plexus.classworlds.launcher.Launcher.launch (Launcher.java:201)
    at org.codehaus.plexus.classworlds.launcher.Launcher.mainWithExitCode (Launcher.java:361)
    at org.codehaus.plexus.classworlds.launcher.Launcher.main (Launcher.java:314)
[ERROR] 
[ERROR] Re-run Maven using the -X switch to enable full debug logging.
[ERROR] 
[ERROR] For more information about the errors and possible solutions, please read the following articles:
[ERROR] [Help 1] http://cwiki.apache.org/confluence/display/MAVEN/MojoFailureException
